<?xml version="1.0" encoding="UTF-8" ?>

<testsuite failures="0" time="0.019" errors="3" skipped="0" tests="0" name="BasicTest">
  <testcase classname="BasicTest" name="testCalcoloRicavoPerRisorsa" time="0.013">
                        <error type="" message="A java.lang.IllegalStateException has been caught, org.hibernate.TransientObjectException: object references an unsaved transient instance - save the transient instance before flushing: models.Ruolo">
        <![CDATA[
          In /test/BasicTest.java, line 121
          
                   u1.save(); :
          
        ]]>
        </error>
                  <system-err>
            java.lang.IllegalStateException: org.hibernate.TransientObjectException: object references an unsaved transient instance - save the transient instance before flushing: models.Ruolo
	at org.hibernate.ejb.AbstractEntityManagerImpl.convert(AbstractEntityManagerImpl.java:1211)
	at org.hibernate.ejb.AbstractEntityManagerImpl.convert(AbstractEntityManagerImpl.java:1147)
	at org.hibernate.ejb.AbstractEntityManagerImpl.convert(AbstractEntityManagerImpl.java:1153)
	at org.hibernate.ejb.AbstractEntityManagerImpl.flush(AbstractEntityManagerImpl.java:798)
	at play.db.jpa.JPABase._save(JPABase.java:47)
	at play.db.jpa.GenericModel.save(GenericModel.java:184)
	at BasicTest.setup(BasicTest.java:121)
	at sun.reflect.NativeMethodAccessorImpl.invoke0(Native Method)
	at sun.reflect.NativeMethodAccessorImpl.invoke(Unknown Source)
	at sun.reflect.DelegatingMethodAccessorImpl.invoke(Unknown Source)
	at java.lang.reflect.Method.invoke(Unknown Source)
	at org.junit.runners.model.FrameworkMethod$1.runReflectiveCall(FrameworkMethod.java:44)
	at org.junit.internal.runners.model.ReflectiveCallable.run(ReflectiveCallable.java:15)
	at org.junit.runners.model.FrameworkMethod.invokeExplosively(FrameworkMethod.java:41)
	at org.junit.internal.runners.statements.RunBefores.evaluate(RunBefores.java:27)
	at play.test.PlayJUnitRunner$StartPlay$2$1.evaluate(PlayJUnitRunner.java:98)
	at org.junit.runners.BlockJUnit4ClassRunner.runChild(BlockJUnit4ClassRunner.java:76)
	at org.junit.runners.BlockJUnit4ClassRunner.runChild(BlockJUnit4ClassRunner.java:50)
	at org.junit.runners.ParentRunner$3.run(ParentRunner.java:193)
	at org.junit.runners.ParentRunner$1.schedule(ParentRunner.java:52)
	at org.junit.runners.ParentRunner.runChildren(ParentRunner.java:191)
	at org.junit.runners.ParentRunner.access$000(ParentRunner.java:42)
	at org.junit.runners.ParentRunner$2.evaluate(ParentRunner.java:184)
	at org.junit.runners.ParentRunner.run(ParentRunner.java:236)
	at play.test.PlayJUnitRunner.run(PlayJUnitRunner.java:48)
	at org.junit.runners.Suite.runChild(Suite.java:128)
	at org.junit.runners.Suite.runChild(Suite.java:24)
	at org.junit.runners.ParentRunner$3.run(ParentRunner.java:193)
	at org.junit.runners.ParentRunner$1.schedule(ParentRunner.java:52)
	at org.junit.runners.ParentRunner.runChildren(ParentRunner.java:191)
	at org.junit.runners.ParentRunner.access$000(ParentRunner.java:42)
	at org.junit.runners.ParentRunner$2.evaluate(ParentRunner.java:184)
	at org.junit.runners.ParentRunner.run(ParentRunner.java:236)
	at org.junit.runner.JUnitCore.run(JUnitCore.java:157)
	at org.junit.runner.JUnitCore.run(JUnitCore.java:136)
	at org.junit.runner.JUnitCore.run(JUnitCore.java:117)
	at play.test.TestEngine.run(TestEngine.java:101)
	at controllers.TestRunner.run(TestRunner.java:67)
	at sun.reflect.NativeMethodAccessorImpl.invoke0(Native Method)
	at sun.reflect.NativeMethodAccessorImpl.invoke(Unknown Source)
	at sun.reflect.DelegatingMethodAccessorImpl.invoke(Unknown Source)
	at java.lang.reflect.Method.invoke(Unknown Source)
	at play.mvc.ActionInvoker.invokeWithContinuation(ActionInvoker.java:543)
	at play.mvc.ActionInvoker.invoke(ActionInvoker.java:499)
	at play.mvc.ActionInvoker.invokeControllerMethod(ActionInvoker.java:475)
	at play.mvc.ActionInvoker.invokeControllerMethod(ActionInvoker.java:470)
	at play.mvc.ActionInvoker.invoke(ActionInvoker.java:158)
	at play.server.PlayHandler$NettyInvocation.execute(PlayHandler.java:220)
	at play.Invoker$Invocation.run(Invoker.java:265)
	at play.server.PlayHandler$NettyInvocation.run(PlayHandler.java:200)
	at java.util.concurrent.Executors$RunnableAdapter.call(Unknown Source)
	at java.util.concurrent.FutureTask$Sync.innerRun(Unknown Source)
	at java.util.concurrent.FutureTask.run(Unknown Source)
	at java.util.concurrent.ScheduledThreadPoolExecutor$ScheduledFutureTask.access$301(Unknown Source)
	at java.util.concurrent.ScheduledThreadPoolExecutor$ScheduledFutureTask.run(Unknown Source)
	at java.util.concurrent.ThreadPoolExecutor$Worker.runTask(Unknown Source)
	at java.util.concurrent.ThreadPoolExecutor$Worker.run(Unknown Source)
	at java.lang.Thread.run(Unknown Source)
Caused by: org.hibernate.TransientObjectException: object references an unsaved transient instance - save the transient instance before flushing: models.Ruolo
	at org.hibernate.engine.ForeignKeys.getEntityIdentifierIfNotUnsaved(ForeignKeys.java:243)
	at org.hibernate.type.EntityType.getIdentifier(EntityType.java:456)
	at org.hibernate.type.ManyToOneType.nullSafeSet(ManyToOneType.java:121)
	at org.hibernate.persister.collection.AbstractCollectionPersister.writeElement(AbstractCollectionPersister.java:815)
	at org.hibernate.persister.collection.AbstractCollectionPersister.recreate(AbstractCollectionPersister.java:1203)
	at org.hibernate.action.CollectionRecreateAction.execute(CollectionRecreateAction.java:58)
	at org.hibernate.engine.ActionQueue.execute(ActionQueue.java:273)
	at org.hibernate.engine.ActionQueue.executeActions(ActionQueue.java:265)
	at org.hibernate.engine.ActionQueue.executeActions(ActionQueue.java:188)
	at org.hibernate.event.def.AbstractFlushingEventListener.performExecutions(AbstractFlushingEventListener.java:345)
	at org.hibernate.event.def.DefaultFlushEventListener.onFlush(DefaultFlushEventListener.java:51)
	at org.hibernate.impl.SessionImpl.flush(SessionImpl.java:1216)
	at org.hibernate.ejb.AbstractEntityManagerImpl.flush(AbstractEntityManagerImpl.java:795)
	... 54 more

          </system-err>  
        }
            </testcase>
  <testcase classname="BasicTest" name="testCalcoloRicavoPerCommessa" time="0.003">
                        <error type="" message="A java.lang.IllegalStateException has been caught, org.hibernate.TransientObjectException: object references an unsaved transient instance - save the transient instance before flushing: models.Ruolo">
        <![CDATA[
          In /test/BasicTest.java, line 84
          
                   tipoRappLav1.save(); :
          
        ]]>
        </error>
                  <system-err>
            java.lang.IllegalStateException: org.hibernate.TransientObjectException: object references an unsaved transient instance - save the transient instance before flushing: models.Ruolo
	at org.hibernate.ejb.AbstractEntityManagerImpl.convert(AbstractEntityManagerImpl.java:1211)
	at org.hibernate.ejb.AbstractEntityManagerImpl.convert(AbstractEntityManagerImpl.java:1147)
	at org.hibernate.ejb.AbstractEntityManagerImpl.convert(AbstractEntityManagerImpl.java:1153)
	at org.hibernate.ejb.AbstractEntityManagerImpl.flush(AbstractEntityManagerImpl.java:798)
	at play.db.jpa.JPABase._save(JPABase.java:47)
	at play.db.jpa.GenericModel.save(GenericModel.java:184)
	at BasicTest.setup(BasicTest.java:84)
	at sun.reflect.NativeMethodAccessorImpl.invoke0(Native Method)
	at sun.reflect.NativeMethodAccessorImpl.invoke(Unknown Source)
	at sun.reflect.DelegatingMethodAccessorImpl.invoke(Unknown Source)
	at java.lang.reflect.Method.invoke(Unknown Source)
	at org.junit.runners.model.FrameworkMethod$1.runReflectiveCall(FrameworkMethod.java:44)
	at org.junit.internal.runners.model.ReflectiveCallable.run(ReflectiveCallable.java:15)
	at org.junit.runners.model.FrameworkMethod.invokeExplosively(FrameworkMethod.java:41)
	at org.junit.internal.runners.statements.RunBefores.evaluate(RunBefores.java:27)
	at play.test.PlayJUnitRunner$StartPlay$2$1.evaluate(PlayJUnitRunner.java:98)
	at org.junit.runners.BlockJUnit4ClassRunner.runChild(BlockJUnit4ClassRunner.java:76)
	at org.junit.runners.BlockJUnit4ClassRunner.runChild(BlockJUnit4ClassRunner.java:50)
	at org.junit.runners.ParentRunner$3.run(ParentRunner.java:193)
	at org.junit.runners.ParentRunner$1.schedule(ParentRunner.java:52)
	at org.junit.runners.ParentRunner.runChildren(ParentRunner.java:191)
	at org.junit.runners.ParentRunner.access$000(ParentRunner.java:42)
	at org.junit.runners.ParentRunner$2.evaluate(ParentRunner.java:184)
	at org.junit.runners.ParentRunner.run(ParentRunner.java:236)
	at play.test.PlayJUnitRunner.run(PlayJUnitRunner.java:48)
	at org.junit.runners.Suite.runChild(Suite.java:128)
	at org.junit.runners.Suite.runChild(Suite.java:24)
	at org.junit.runners.ParentRunner$3.run(ParentRunner.java:193)
	at org.junit.runners.ParentRunner$1.schedule(ParentRunner.java:52)
	at org.junit.runners.ParentRunner.runChildren(ParentRunner.java:191)
	at org.junit.runners.ParentRunner.access$000(ParentRunner.java:42)
	at org.junit.runners.ParentRunner$2.evaluate(ParentRunner.java:184)
	at org.junit.runners.ParentRunner.run(ParentRunner.java:236)
	at org.junit.runner.JUnitCore.run(JUnitCore.java:157)
	at org.junit.runner.JUnitCore.run(JUnitCore.java:136)
	at org.junit.runner.JUnitCore.run(JUnitCore.java:117)
	at play.test.TestEngine.run(TestEngine.java:101)
	at controllers.TestRunner.run(TestRunner.java:67)
	at sun.reflect.NativeMethodAccessorImpl.invoke0(Native Method)
	at sun.reflect.NativeMethodAccessorImpl.invoke(Unknown Source)
	at sun.reflect.DelegatingMethodAccessorImpl.invoke(Unknown Source)
	at java.lang.reflect.Method.invoke(Unknown Source)
	at play.mvc.ActionInvoker.invokeWithContinuation(ActionInvoker.java:543)
	at play.mvc.ActionInvoker.invoke(ActionInvoker.java:499)
	at play.mvc.ActionInvoker.invokeControllerMethod(ActionInvoker.java:475)
	at play.mvc.ActionInvoker.invokeControllerMethod(ActionInvoker.java:470)
	at play.mvc.ActionInvoker.invoke(ActionInvoker.java:158)
	at play.server.PlayHandler$NettyInvocation.execute(PlayHandler.java:220)
	at play.Invoker$Invocation.run(Invoker.java:265)
	at play.server.PlayHandler$NettyInvocation.run(PlayHandler.java:200)
	at java.util.concurrent.Executors$RunnableAdapter.call(Unknown Source)
	at java.util.concurrent.FutureTask$Sync.innerRun(Unknown Source)
	at java.util.concurrent.FutureTask.run(Unknown Source)
	at java.util.concurrent.ScheduledThreadPoolExecutor$ScheduledFutureTask.access$301(Unknown Source)
	at java.util.concurrent.ScheduledThreadPoolExecutor$ScheduledFutureTask.run(Unknown Source)
	at java.util.concurrent.ThreadPoolExecutor$Worker.runTask(Unknown Source)
	at java.util.concurrent.ThreadPoolExecutor$Worker.run(Unknown Source)
	at java.lang.Thread.run(Unknown Source)
Caused by: org.hibernate.TransientObjectException: object references an unsaved transient instance - save the transient instance before flushing: models.Ruolo
	at org.hibernate.engine.ForeignKeys.getEntityIdentifierIfNotUnsaved(ForeignKeys.java:243)
	at org.hibernate.type.EntityType.getIdentifier(EntityType.java:456)
	at org.hibernate.type.ManyToOneType.nullSafeSet(ManyToOneType.java:121)
	at org.hibernate.persister.collection.AbstractCollectionPersister.writeElement(AbstractCollectionPersister.java:815)
	at org.hibernate.persister.collection.AbstractCollectionPersister.recreate(AbstractCollectionPersister.java:1203)
	at org.hibernate.action.CollectionRecreateAction.execute(CollectionRecreateAction.java:58)
	at org.hibernate.engine.ActionQueue.execute(ActionQueue.java:273)
	at org.hibernate.engine.ActionQueue.executeActions(ActionQueue.java:265)
	at org.hibernate.engine.ActionQueue.executeActions(ActionQueue.java:188)
	at org.hibernate.event.def.AbstractFlushingEventListener.performExecutions(AbstractFlushingEventListener.java:345)
	at org.hibernate.event.def.DefaultFlushEventListener.onFlush(DefaultFlushEventListener.java:51)
	at org.hibernate.impl.SessionImpl.flush(SessionImpl.java:1216)
	at org.hibernate.ejb.AbstractEntityManagerImpl.flush(AbstractEntityManagerImpl.java:795)
	... 54 more

          </system-err>  
        }
            </testcase>
  <testcase classname="BasicTest" name="testCalcoloRicavoPerCliente" time="0.003">
                        <error type="" message="A java.lang.IllegalStateException has been caught, org.hibernate.TransientObjectException: object references an unsaved transient instance - save the transient instance before flushing: models.Ruolo">
        <![CDATA[
          In /test/BasicTest.java, line 84
          
                   tipoRappLav1.save(); :
          
        ]]>
        </error>
                  <system-err>
            java.lang.IllegalStateException: org.hibernate.TransientObjectException: object references an unsaved transient instance - save the transient instance before flushing: models.Ruolo
	at org.hibernate.ejb.AbstractEntityManagerImpl.convert(AbstractEntityManagerImpl.java:1211)
	at org.hibernate.ejb.AbstractEntityManagerImpl.convert(AbstractEntityManagerImpl.java:1147)
	at org.hibernate.ejb.AbstractEntityManagerImpl.convert(AbstractEntityManagerImpl.java:1153)
	at org.hibernate.ejb.AbstractEntityManagerImpl.flush(AbstractEntityManagerImpl.java:798)
	at play.db.jpa.JPABase._save(JPABase.java:47)
	at play.db.jpa.GenericModel.save(GenericModel.java:184)
	at BasicTest.setup(BasicTest.java:84)
	at sun.reflect.NativeMethodAccessorImpl.invoke0(Native Method)
	at sun.reflect.NativeMethodAccessorImpl.invoke(Unknown Source)
	at sun.reflect.DelegatingMethodAccessorImpl.invoke(Unknown Source)
	at java.lang.reflect.Method.invoke(Unknown Source)
	at org.junit.runners.model.FrameworkMethod$1.runReflectiveCall(FrameworkMethod.java:44)
	at org.junit.internal.runners.model.ReflectiveCallable.run(ReflectiveCallable.java:15)
	at org.junit.runners.model.FrameworkMethod.invokeExplosively(FrameworkMethod.java:41)
	at org.junit.internal.runners.statements.RunBefores.evaluate(RunBefores.java:27)
	at play.test.PlayJUnitRunner$StartPlay$2$1.evaluate(PlayJUnitRunner.java:98)
	at org.junit.runners.BlockJUnit4ClassRunner.runChild(BlockJUnit4ClassRunner.java:76)
	at org.junit.runners.BlockJUnit4ClassRunner.runChild(BlockJUnit4ClassRunner.java:50)
	at org.junit.runners.ParentRunner$3.run(ParentRunner.java:193)
	at org.junit.runners.ParentRunner$1.schedule(ParentRunner.java:52)
	at org.junit.runners.ParentRunner.runChildren(ParentRunner.java:191)
	at org.junit.runners.ParentRunner.access$000(ParentRunner.java:42)
	at org.junit.runners.ParentRunner$2.evaluate(ParentRunner.java:184)
	at org.junit.runners.ParentRunner.run(ParentRunner.java:236)
	at play.test.PlayJUnitRunner.run(PlayJUnitRunner.java:48)
	at org.junit.runners.Suite.runChild(Suite.java:128)
	at org.junit.runners.Suite.runChild(Suite.java:24)
	at org.junit.runners.ParentRunner$3.run(ParentRunner.java:193)
	at org.junit.runners.ParentRunner$1.schedule(ParentRunner.java:52)
	at org.junit.runners.ParentRunner.runChildren(ParentRunner.java:191)
	at org.junit.runners.ParentRunner.access$000(ParentRunner.java:42)
	at org.junit.runners.ParentRunner$2.evaluate(ParentRunner.java:184)
	at org.junit.runners.ParentRunner.run(ParentRunner.java:236)
	at org.junit.runner.JUnitCore.run(JUnitCore.java:157)
	at org.junit.runner.JUnitCore.run(JUnitCore.java:136)
	at org.junit.runner.JUnitCore.run(JUnitCore.java:117)
	at play.test.TestEngine.run(TestEngine.java:101)
	at controllers.TestRunner.run(TestRunner.java:67)
	at sun.reflect.NativeMethodAccessorImpl.invoke0(Native Method)
	at sun.reflect.NativeMethodAccessorImpl.invoke(Unknown Source)
	at sun.reflect.DelegatingMethodAccessorImpl.invoke(Unknown Source)
	at java.lang.reflect.Method.invoke(Unknown Source)
	at play.mvc.ActionInvoker.invokeWithContinuation(ActionInvoker.java:543)
	at play.mvc.ActionInvoker.invoke(ActionInvoker.java:499)
	at play.mvc.ActionInvoker.invokeControllerMethod(ActionInvoker.java:475)
	at play.mvc.ActionInvoker.invokeControllerMethod(ActionInvoker.java:470)
	at play.mvc.ActionInvoker.invoke(ActionInvoker.java:158)
	at play.server.PlayHandler$NettyInvocation.execute(PlayHandler.java:220)
	at play.Invoker$Invocation.run(Invoker.java:265)
	at play.server.PlayHandler$NettyInvocation.run(PlayHandler.java:200)
	at java.util.concurrent.Executors$RunnableAdapter.call(Unknown Source)
	at java.util.concurrent.FutureTask$Sync.innerRun(Unknown Source)
	at java.util.concurrent.FutureTask.run(Unknown Source)
	at java.util.concurrent.ScheduledThreadPoolExecutor$ScheduledFutureTask.access$301(Unknown Source)
	at java.util.concurrent.ScheduledThreadPoolExecutor$ScheduledFutureTask.run(Unknown Source)
	at java.util.concurrent.ThreadPoolExecutor$Worker.runTask(Unknown Source)
	at java.util.concurrent.ThreadPoolExecutor$Worker.run(Unknown Source)
	at java.lang.Thread.run(Unknown Source)
Caused by: org.hibernate.TransientObjectException: object references an unsaved transient instance - save the transient instance before flushing: models.Ruolo
	at org.hibernate.engine.ForeignKeys.getEntityIdentifierIfNotUnsaved(ForeignKeys.java:243)
	at org.hibernate.type.EntityType.getIdentifier(EntityType.java:456)
	at org.hibernate.type.ManyToOneType.nullSafeSet(ManyToOneType.java:121)
	at org.hibernate.persister.collection.AbstractCollectionPersister.writeElement(AbstractCollectionPersister.java:815)
	at org.hibernate.persister.collection.AbstractCollectionPersister.recreate(AbstractCollectionPersister.java:1203)
	at org.hibernate.action.CollectionRecreateAction.execute(CollectionRecreateAction.java:58)
	at org.hibernate.engine.ActionQueue.execute(ActionQueue.java:273)
	at org.hibernate.engine.ActionQueue.executeActions(ActionQueue.java:265)
	at org.hibernate.engine.ActionQueue.executeActions(ActionQueue.java:188)
	at org.hibernate.event.def.AbstractFlushingEventListener.performExecutions(AbstractFlushingEventListener.java:345)
	at org.hibernate.event.def.DefaultFlushEventListener.onFlush(DefaultFlushEventListener.java:51)
	at org.hibernate.impl.SessionImpl.flush(SessionImpl.java:1216)
	at org.hibernate.ejb.AbstractEntityManagerImpl.flush(AbstractEntityManagerImpl.java:795)
	... 54 more

          </system-err>  
        }
            </testcase>
</testsuite>
